
Gurobi 11.0.3 (linux64, gurobi_cl) logging started Fri Mar 14 15:36:00 2025

Set parameter WLSAccessID
Set parameter WLSSecret
Set parameter LicenseID to value 2630295
Set parameter NodeLimit to value 500000
Set parameter MIPGap to value 0.005
Set parameter LogFile to value "./data/logs/C3_2FAT_20@ILP_GUROBI/graphmapping_69ad2708.log"
Using license file /home/stu1/gurobi.lic
Academic license 2630295 - for non-commercial use only - registered to mi___@sis.hust.edu.vn

Gurobi Optimizer version 11.0.3 build v11.0.3rc0 (linux64 - "Ubuntu 24.04.1 LTS")
Copyright (c) 2024, Gurobi Optimization, LLC

Read LP format model from file /tmp/fe8446b4c08d4854956b1b9709df7cb5-pulp.lp
Reading time = 0.01 seconds
OBJ: 3494 rows, 4701 columns, 29616 nonzeros

CPU model: 12th Gen Intel(R) Core(TM) i5-12500T, instruction set [SSE2|AVX|AVX2]
Thread count: 6 physical cores, 12 logical processors, using up to 12 threads

Academic license 2630295 - for non-commercial use only - registered to mi___@sis.hust.edu.vn
Optimize a model with 3494 rows, 4701 columns and 29616 nonzeros
Model fingerprint: 0x532cef06
Variable types: 1 continuous, 4700 integer (4700 binary)
Coefficient statistics:
  Matrix range     [1e+00, 1e+02]
  Objective range  [1e-02, 4e+00]
  Bounds range     [1e+00, 1e+00]
  RHS range        [1e+00, 1e+02]
Found heuristic solution: objective 0.0000000
Presolve removed 116 rows and 201 columns
Presolve time: 0.05s
Presolved: 3378 rows, 4500 columns, 28280 nonzeros
Variable types: 0 continuous, 4500 integer (4500 binary)

Root relaxation: objective -7.560000e+01, 4947 iterations, 0.24 seconds (0.31 work units)

    Nodes    |    Current Node    |     Objective Bounds      |     Work
 Expl Unexpl |  Obj  Depth IntInf | Incumbent    BestBd   Gap | It/Node Time

     0     0  -75.60000    0  295    0.00000  -75.60000      -     -    0s
H    0     0                      -4.4250000  -75.60000  1608%     -    0s
     0     0  -75.60000    0  348   -4.42500  -75.60000  1608%     -    0s
     0     0  -75.44894    0  359   -4.42500  -75.44894  1605%     -    1s
     0     0  -75.14357    0  411   -4.42500  -75.14357  1598%     -    1s
     0     0  -60.66689    0  337   -4.42500  -60.66689  1271%     -    2s
H    0     0                     -13.1500000  -60.66689   361%     -    2s
     0     0  -58.60356    0  325  -13.15000  -58.60356   346%     -    2s
     0     0  -58.15937    0  280  -13.15000  -58.15937   342%     -    2s
     0     0  -58.15833    0  295  -13.15000  -58.15833   342%     -    2s
     0     0  -56.10604    0  272  -13.15000  -56.10604   327%     -    2s
     0     0  -55.81521    0  309  -13.15000  -55.81521   324%     -    2s
     0     0  -55.79083    0  368  -13.15000  -55.79083   324%     -    2s
     0     0  -55.77833    0  338  -13.15000  -55.77833   324%     -    2s
     0     0  -55.19966    0  384  -13.15000  -55.19966   320%     -    2s
H    0     0                     -17.3750000  -55.19966   218%     -    2s
H    0     0                     -17.4500000  -55.19966   216%     -    2s
     0     0  -55.19000    0  402  -17.45000  -55.19000   216%     -    2s
     0     0  -55.19000    0  354  -17.45000  -55.19000   216%     -    3s
     0     0  -55.19000    0  248  -17.45000  -55.19000   216%     -    3s
H    0     0                     -17.5250000  -55.19000   215%     -    3s
H    0     0                     -17.5500000  -55.19000   214%     -    3s
     0     2  -55.19000    0  232  -17.55000  -55.19000   214%     -    3s
    15    14  -17.80833    7   74  -17.55000  -55.19000   214%   979    5s
H   27    26                     -17.5750000  -55.19000   214%   709    5s
H   30    26                     -17.6500000  -55.19000   213%   666    5s
H   63    65                     -22.0750000  -55.19000   150%   406    6s
H  114    85                     -22.1000000  -55.19000   150%   245    6s
H  116    85                     -26.5000000  -55.19000   108%   241    6s
H  150    71                     -30.8750000  -55.19000  78.8%   231    6s
H  152    71                     -30.9000000  -55.19000  78.6%   233    6s
H  192   111                     -30.9250000  -55.19000  78.5%   225    6s
H  204   122                     -30.9750000  -55.19000  78.2%   220    6s
H  234   155                     -31.0000000  -55.19000  78.0%   208    6s
H  276   199                     -31.0500000  -55.19000  77.7%   194    7s
H  330   252                     -35.3750000  -55.19000  56.0%   181    8s
H  341   272                     -35.4000000  -55.19000  55.9%   178    8s
H  361   272                     -35.4250000  -55.19000  55.8%   174    8s
H  367   277                     -35.4500000  -55.19000  55.7%   173    9s
   401   304  -35.52619   38   68  -35.45000  -55.19000  55.7%   171   10s
H  408   304                     -39.8250000  -55.19000  38.6%   172   10s
   553   337  -40.00817   50  155  -39.82500  -55.18825  38.6%   174   16s
   805   388  -44.53750   12  257  -39.82500  -55.15333  38.5%   186   20s
  1484   788  -44.45701   28  196  -39.82500  -55.15333  38.5%   190   25s
  1662   893  -39.90688   68  309  -39.82500  -55.15333  38.5%   199   30s
  1671   899  -39.85833   78  380  -39.82500  -55.15333  38.5%   198   35s
  1674   901  -44.44955   30  407  -39.82500  -55.15333  38.5%   198   41s
  1681   906  -40.02241   45  546  -39.82500  -55.13463  38.4%   197   45s
  1685   908  -40.00833   44  704  -39.82500  -55.10900  38.4%   197   50s
  1690   912  -40.11111   21  793  -39.82500  -55.08788  38.3%   196   55s
  1694   914  -39.90833   73  685  -39.82500  -55.06338  38.3%   196   60s
  1697   916  -39.98790   57  857  -39.82500  -55.04921  38.2%   195   65s
  1701   919  -53.31188   28  738  -39.82500  -55.03206  38.2%   195   71s
  1708   924  -40.01574   46  518  -39.82500  -55.00687  38.1%   194   77s
  1711   926  -39.95833   56  727  -39.82500  -55.00000  38.1%   194   80s
  1712   926  -39.97135   61  466  -39.82500  -55.00000  38.1%   194   87s
H 1712   878                     -44.1750000  -55.00000  24.5%   194   89s
H 1712   833                     -44.2000000  -55.00000  24.4%   194   89s
  1714   835  -44.20000   56  451  -44.20000  -55.00000  24.4%   193   98s
  1715   835  -44.20000   52  697  -44.20000  -55.00000  24.4%   193  100s
  1716   836  -44.20000   94  456  -44.20000  -55.00000  24.4%   193  107s
  1718   837  -44.20000   14  713  -44.20000  -54.99580  24.4%   193  111s
  1720   839  -44.39792   36  771  -44.20000  -54.98798  24.4%   193  116s
  1724   841  -44.20000   62  886  -44.20000  -54.98130  24.4%   192  122s
  1725   842  -44.20000   33  623  -44.20000  -54.97183  24.4%   192  126s
  1728   844  -44.26058   38  913  -44.20000  -54.96727  24.4%   192  130s
  1730   845  -44.20000   59  553  -44.20000  -54.94341  24.3%   192  135s
  1733   847  -44.20000   66  432  -44.20000  -54.94000  24.3%   191  141s
  1735   849  -44.20000   16  299  -44.20000  -54.94000  24.3%   191  145s
  1737   850  -44.20000   70  233  -44.20000  -54.94000  24.3%   191  151s
  1739   851  -44.20000   96  280  -44.20000  -54.94000  24.3%   191  156s
  1741   853  -44.20000   32  331  -44.20000  -54.94000  24.3%   190  162s
  1743   854  -44.20000   84  294  -44.20000  -54.94000  24.3%   190  167s
  1750   860  -44.20000   65  686  -44.20000  -54.94000  24.3%   450  171s
  1751   860  -44.53046   18  828  -44.20000  -54.94000  24.3%   450  178s
  1752   861  -44.20000   44  671  -44.20000  -54.94000  24.3%   450  180s
  1756   864  -44.20000   64  496  -44.20000  -54.94000  24.3%   449  185s
  1760   866  -44.20000   22  270  -44.20000  -54.94000  24.3%   448  190s
  1763   868  -44.20000   80  468  -44.20000  -54.94000  24.3%   447  195s
  1764   869  -44.47738   26  249  -44.20000  -54.94000  24.3%   447  201s
  1766   870  -44.20000   66  278  -44.20000  -54.94000  24.3%   446  207s
  1768   872  -44.41901   31  384  -44.20000  -54.94000  24.3%   446  215s
  1770   873  -44.20000   51  359  -44.20000  -54.94000  24.3%   445  221s
  1772   874  -53.32500   16  347  -44.20000  -54.94000  24.3%   445  228s
  1774   876  -44.44955   30  422  -44.20000  -54.94000  24.3%   444  233s
  1776   877  -44.20000   61  407  -44.20000  -54.94000  24.3%   444  238s
  1777   878  -44.20000   17  287  -44.20000  -54.94000  24.3%   444  240s
  1781   879  -54.94000   22  378  -44.20000  -54.94000  24.3%   577  245s
  1789   877  -54.94000   26  444  -44.20000  -54.94000  24.3%   581  251s
  1793   875  -54.94000   28  492  -44.20000  -54.94000  24.3%   584  255s
  1799   877  -54.92500   31  460  -44.20000  -54.94000  24.3%   586  262s
  1803   882  -44.59929   32  347  -44.20000  -54.94000  24.3%   590  265s
  1829   897  -44.56853   34  405  -44.20000  -54.93612  24.3%   613  270s
  1871   921  -44.52918   38  302  -44.20000  -54.93612  24.3%   625  276s
  1890   936  -44.50566   39  254  -44.20000  -54.93612  24.3%   634  280s
  1925   958  -44.51329   41  285  -44.20000  -54.93612  24.3%   641  291s
  1968   986  -44.45507   42  315  -44.20000  -54.93612  24.3%   641  299s
  1979   998  -44.45403   43  290  -44.20000  -54.93612  24.3%   642  300s
  2035  1030  -44.44352   48  261  -44.20000  -54.93612  24.3%   639  305s
  2129  1074  -44.37673   56  249  -44.20000  -54.93612  24.3%   639  311s
  2180  1092  -44.32303   62  237  -44.20000  -54.93612  24.3%   640  317s
  2193  1100  -44.34238   62  258  -44.20000  -54.93612  24.3%   640  322s
  2235  1149  -44.32564   65  289  -44.20000  -54.93612  24.3%   639  327s
  2309  1154  -44.27119   73  247  -44.20000  -54.93612  24.3%   637  337s
  2360  1200  -44.24881   77  178  -44.20000  -54.93612  24.3%   637  342s
  2409  1196     cutoff   82       -44.20000  -54.92500  24.3%   637  345s
  2475  1203  -44.47804   37  349  -44.20000  -54.92500  24.3%   644  363s
  2496  1207  -44.46873   39  331  -44.20000  -54.92500  24.3%   645  370s
  2530  1206  -44.40096   44  325  -44.20000  -54.92500  24.3%   656  379s
  2553  1215  -44.39547   48  313  -44.20000  -54.92500  24.3%   669  384s
  2573  1232  -44.36260   54  256  -44.20000  -54.92500  24.3%   690  393s
  2601  1259  -44.30549   59  200  -44.20000  -54.92500  24.3%   715  397s
  2641  1289  -44.29057   66  207  -44.20000  -54.92500  24.3%   719  400s
  2689  1287  -44.27354   77  210  -44.20000  -54.92500  24.3%   724  407s
  2746  1274  -54.92500   37  473  -44.20000  -54.92500  24.3%   727  417s
  2784  1282  -54.85132   42  518  -44.20000  -54.92500  24.3%   742  421s
  2819  1276  -54.54469   45  552  -44.20000  -54.92500  24.3%   752  432s
  2861  1273  -53.66565   51  503  -44.20000  -54.92500  24.3%   770  441s
  2880  1293  -53.13156   55  454  -44.20000  -54.92500  24.3%   779  448s
  2918  1312  -54.92500   41  512  -44.20000  -54.92500  24.3%   788  453s
  2962  1318  -53.25809   47  485  -44.20000  -54.92500  24.3%   800  459s
  2996  1323  -53.24454   51  469  -44.20000  -54.92500  24.3%   802  473s
  3045  1320  -53.16640   63  357  -44.20000  -54.92500  24.3%   814  482s
  3083  1355 infeasible   69       -44.20000  -54.92500  24.3%   831  497s
  3165  1338  -54.91867   51  556  -44.20000  -54.92500  24.3%   837  510s
  3175  1372  -54.88395   54  396  -44.20000  -54.92500  24.3%   845  516s
  3248  1392  -53.16688   66  299  -44.20000  -54.92333  24.3%   855  527s
  3345  1376  -54.87313   44  485  -44.20000  -54.92333  24.3%   856  537s
  3387  1390 infeasible   47       -44.20000  -54.91722  24.2%   871  550s
  3450  1401  -54.90095   52  618  -44.20000  -54.91722  24.2%   890  563s
  3510  1417  -54.61441   60  356  -44.20000  -54.91722  24.2%   907  580s
  3581  1428  -53.07002   84  321  -44.20000  -54.91500  24.2%   918  591s
  3642  1453  -54.89980   52  531  -44.20000  -54.91500  24.2%   936  611s
H 3723  1027                     -48.6000000  -54.91500  13.0%   944  611s
  3741  1057  -53.11290   60  450  -48.60000  -54.91316  13.0%   943  628s
  3795  1086 infeasible   45       -48.60000  -54.91316  13.0%   971  654s
  3903  1089  -53.13955   59  381  -48.60000  -54.91316  13.0%   986  669s
  3980  1079     cutoff   86       -48.60000  -54.91316  13.0%  1001  695s
  4042  1091 infeasible   87       -48.60000  -54.91249  13.0%  1010  715s
  4103  1144 infeasible   41       -48.60000  -54.91240  13.0%  1036  735s
  4223  1165  -53.89090   52  463  -48.60000  -54.91000  13.0%  1055  760s
  4359  1203  -48.78515   43  432  -48.60000  -54.90875  13.0%  1067  785s
  4471  1282  -54.28393   47  523  -48.60000  -54.90871  13.0%  1099  809s
  4618  1390  -54.88796   49  555  -48.60000  -54.90808  13.0%  1115  833s
  4777  1449  -53.78445   54  457  -48.60000  -54.90796  13.0%  1115  869s
  4913  1518  -54.88652   51  531  -48.60000  -54.90667  13.0%  1129  917s
  5039  1593  -53.05430   63  293  -48.60000  -54.90645  13.0%  1138  940s
  5198  1678  -54.84504   49  518  -48.60000  -54.90437  13.0%  1141  965s
  5349  1717  -53.17542   55  367  -48.60000  -54.90349  13.0%  1151  990s
  5470  1785  -53.05782   45  406  -48.60000  -54.90149  13.0%  1178 1036s
  5635  1860  -50.31008   49  345  -48.60000  -54.90102  13.0%  1198 1073s
  5826  1970  -53.13002   54  500  -48.60000  -54.89810  13.0%  1214 1102s
  6081  2028  -54.85584   48  380  -48.60000  -54.89636  13.0%  1227 1132s
  6245  2119  -48.71759   53  369  -48.60000  -54.89601  13.0%  1248 1168s
  6475  2203  -54.72987   44  537  -48.60000  -54.89496  13.0%  1270 1199s
  6705  2365  -53.11192   57  343  -48.60000  -54.89307  12.9%  1287 1242s
  7075  2476  -54.68283   46  563  -48.60000  -54.89000  12.9%  1294 1288s
  7334  2548     cutoff   52       -48.60000  -54.88832  12.9%  1328 1330s
  7558  2606 infeasible   49       -48.60000  -54.88757  12.9%  1340 1377s
  7751  2750  -53.18018   45  509  -48.60000  -54.88546  12.9%  1370 1425s
  8052  2861 infeasible   60       -48.60000  -54.88238  12.9%  1378 1487s
  8440  2975  -48.70657   54  339  -48.60000  -54.88041  12.9%  1402 1541s
  8708  3144  -53.04387   54  370  -48.60000  -54.87939  12.9%  1411 1604s
  9151  3256  -53.15516   58  379  -48.60000  -54.87750  12.9%  1425 1669s
  9479  3379  -53.15054   53  443  -48.60000  -54.87306  12.9%  1446 1746s
  9844  3520  -54.65245   56  468  -48.60000  -54.87160  12.9%  1476 1824s
 10271  3669  -53.95499   48  526  -48.60000  -54.86979  12.9%  1516 1904s
 10730  3849  -53.37919   49  478  -48.60000  -54.86717  12.9%  1545 2054s
 11257  4028  -53.14434   59  382  -48.60000  -54.86306  12.9%  1548 2135s
 11826  4154 infeasible   60       -48.60000  -54.85917  12.9%  1560 2232s
 12342  4336  -54.59985   44  440  -48.60000  -54.85519  12.9%  1594 2327s
 12936  4473  -53.12578   58  386  -48.60000  -54.85121  12.9%  1610 2408s
 13498  4678     cutoff   48       -48.60000  -54.84504  12.8%  1628 2498s
 14149  4829  -53.12589   48  346  -48.60000  -54.83683  12.8%  1629 2582s
 14688  4964 infeasible   69       -48.60000  -54.83003  12.8%  1639 2768s
 15125  5151 infeasible   62       -48.60000  -54.81664  12.8%  1656 2856s
 15680  5395 infeasible   55       -48.60000  -54.80395  12.8%  1678 2965s
 16547  5578  -53.13916   61  351  -48.60000  -54.74750  12.6%  1687 3065s
 17457  5601 infeasible   56       -48.60000  -54.66592  12.5%  1699 3162s
 17569  5740  -53.04281   70  336  -48.60000  -54.66063  12.5%  1701 3256s
 18362  5936  -53.07436   54  282  -48.60000  -54.59848  12.3%  1703 3347s
 19298  6031  -48.70086   52  348  -48.60000  -54.53577  12.2%  1704 3441s
 20065  6051  -53.19333   52  418  -48.60000  -54.39602  11.9%  1715 3524s
 20775  6027 infeasible   55       -48.60000  -54.24790  11.6%  1733 3611s
 21553  6000 infeasible   57       -48.60000  -53.95040  11.0%  1741 3699s
 22241  6148  -53.11756   52  447  -48.60000  -53.51943  10.1%  1745 3784s
 22777  6309 infeasible   67       -48.60000  -53.23131  9.53%  1761 3871s
 23374  6474  -53.14801   46  403  -48.60000  -53.21510  9.50%  1780 3958s
 23967  6628  -53.16938   47  352  -48.60000  -53.20340  9.47%  1800 4038s
 24489  6812  -53.06718   55  442  -48.60000  -53.19580  9.46%  1816 4125s
 25042  6995  -53.09306   61  288  -48.60000  -53.19306  9.45%  1825 4226s
 25806  6996  -53.13860   55  248  -48.60000  -53.19046  9.45%  1835 4341s
 25811  6999  -53.12330   64  796  -48.60000  -53.19046  9.45%  1834 4348s
 25812  7000  -53.17647   60  957  -48.60000  -53.19046  9.45%  1834 4354s
 25813  7001  -53.09720   58  909  -48.60000  -53.19046  9.45%  1834 4364s
 25814  7001  -53.11839   70  723  -48.60000  -53.19046  9.45%  1834 4369s
 25815  7002  -53.03633   66  806  -48.60000  -53.19046  9.45%  1834 4373s
 25816  7003  -48.80992   43  792  -48.60000  -53.19046  9.45%  1834 4376s
 25818  7004  -53.07464   66  592  -48.60000  -53.19046  9.45%  1834 4380s
 25822  7007  -48.66287   55  830  -48.60000  -53.19046  9.45%  1834 4385s
 25826  7009  -48.70416   55  689  -48.60000  -53.19046  9.45%  1833 4390s
 25827  7010  -53.15539   50  397  -48.60000  -53.19046  9.45%  1833 4400s
 25829  7011  -53.09189   56  284  -48.60000  -53.19046  9.45%  1833 4411s
 25831  7013  -48.64120   62  394  -48.60000  -53.19046  9.45%  1833 4421s
 25833  7014  -48.64111   53  351  -48.60000  -53.19046  9.45%  1833 4431s
 25835  7015  -48.73160   50  426  -48.60000  -53.19046  9.45%  1833 4438s
 25836  7016  -53.08522   48  426  -48.60000  -53.19046  9.45%  1833 4441s
 25838  7018     cutoff   31       -48.60000  -53.19046  9.45%  1842 4451s
 25842  7017     cutoff   33       -48.60000  -53.19046  9.45%  1842 4456s
 25846  7016     cutoff   35       -48.60000  -53.19046  9.45%  1842 4462s
 25848  7017  -53.19046   36  431  -48.60000  -53.19046  9.45%  1842 4465s
 25854  7015  -53.19046   38  491  -48.60000  -53.19046  9.45%  1842 4473s
 25858  7014     cutoff   39       -48.60000  -53.19046  9.45%  1842 4476s
 25866  7011     cutoff   41       -48.60000  -53.19046  9.45%  1843 4482s
 25874  7008  -48.96851   43  492  -48.60000  -53.19046  9.45%  1843 4485s
 25880  7014  -48.88499   45  461  -48.60000  -53.19046  9.45%  1843 4495s
 25902  7029  -48.84802   47  473  -48.60000  -53.19046  9.45%  1844 4502s
 25922  7035  -48.81471   51  430  -48.60000  -53.19046  9.45%  1844 4507s
 25943  7036 infeasible   53       -48.60000  -53.19046  9.45%  1845 4514s
 25953  7040  -48.79608   52  437  -48.60000  -53.19046  9.45%  1845 4516s
 25984  7038 infeasible   54       -48.60000  -53.19046  9.45%  1844 4520s
 26002  7035  -48.76827   56  370  -48.60000  -53.19046  9.45%  1844 4525s
 26036  7020 infeasible   53       -48.60000  -53.19046  9.45%  1844 4530s
 26046  7025  -53.19046   53  525  -48.60000  -53.19046  9.45%  1844 4535s
 26072  7025  -53.18815   54  462  -48.60000  -53.19046  9.45%  1845 4545s
 26100  7024  -53.12280   58  371  -48.60000  -53.19046  9.45%  1846 4552s
 26121  7016 infeasible   61       -48.60000  -53.19046  9.45%  1846 4559s
 26138  7011 infeasible   55       -48.60000  -53.19046  9.45%  1848 4562s
 26155  7014  -53.16076   58  323  -48.60000  -53.19046  9.45%  1848 4566s
 26178  7016  -53.06880   62  235  -48.60000  -53.19046  9.45%  1848 4573s
 26204  7023  -53.19046   47  774  -48.60000  -53.19046  9.45%  1848 4581s
 26250  7004 infeasible   48       -48.60000  -53.19046  9.45%  1848 4591s
 26266  7003  -53.19046   48  735  -48.60000  -53.19046  9.45%  1849 4596s
 26276  7007  -53.19046   49  636  -48.60000  -53.19046  9.45%  1850 4600s
 26318  7001  -53.17387   54  438  -48.60000  -53.19046  9.45%  1851 4617s
 26346  6986 infeasible   58       -48.60000  -53.19046  9.45%  1852 4630s
 26368  6988 infeasible   52       -48.60000  -53.19046  9.45%  1854 4639s
 26391  6994  -53.17501   56  548  -48.60000  -53.19046  9.45%  1856 4644s
 26421  6995  -53.15279   58  456  -48.60000  -53.19046  9.45%  1857 4650s
 26472  6975     cutoff   63       -48.60000  -53.19046  9.45%  1856 4662s
 26517  6968 infeasible   53       -48.60000  -53.19046  9.45%  1857 4670s
 26547  6963 infeasible   55       -48.60000  -53.19046  9.45%  1858 4683s
 26572  6960  -53.17225   56  492  -48.60000  -53.19046  9.45%  1859 4693s
 26627  6949  -53.14726   59  469  -48.60000  -53.19046  9.45%  1859 4703s
 26657  6945 infeasible   65       -48.60000  -53.19046  9.45%  1861 4711s
 26699  6946  -53.12246   53  389  -48.60000  -53.19046  9.45%  1862 4721s
 26740  6941 infeasible   55       -48.60000  -53.19046  9.45%  1863 4732s
 26806  6952  -53.18623   53  533  -48.60000  -53.19046  9.45%  1862 4741s
 26865  6933  -53.11242   59  369  -48.60000  -53.19046  9.45%  1861 4752s
 26921  6921  -53.13668   59  342  -48.60000  -53.19046  9.45%  1863 4763s
 26968  6910  -53.08604   54  465  -48.60000  -53.19046  9.45%  1866 4776s
 27008  6899 infeasible   53       -48.60000  -53.19023  9.44%  1868 4787s
 27051  6898 infeasible   59       -48.60000  -53.18612  9.44%  1870 4804s
 27130  6876  -53.03019   72  262  -48.60000  -53.18476  9.43%  1872 4823s
 27200  6871  -53.15657   56  379  -48.60000  -53.18476  9.43%  1873 4834s
 27263  6854  -53.01921   69  226  -48.60000  -53.18154  9.43%  1873 4850s
 27348  6830  -53.14310   56  497  -48.60000  -53.17770  9.42%  1874 4864s
 27406  6842     cutoff   60       -48.60000  -53.17541  9.41%  1878 4877s
 27505  6836 infeasible   84       -48.60000  -53.17310  9.41%  1877 4916s
 27615  6807  -53.08027   63  313  -48.60000  -53.16891  9.40%  1874 4931s
 27699  6824  -53.13981   57  304  -48.60000  -53.16891  9.40%  1873 4944s
 27822  6790  -53.11959   60  328  -48.60000  -53.16760  9.40%  1870 4967s
 27948  6744  -53.05516   61  264  -48.60000  -53.16143  9.39%  1869 4985s
 28067  6714 infeasible   65       -48.60000  -53.15719  9.38%  1870 5007s
 28180  6694  -53.04975   72  254  -48.60000  -53.15237  9.37%  1871 5026s
 28315  6677  -53.03569   72  181  -48.60000  -53.14789  9.36%  1871 5046s
 28485  6616 infeasible   62       -48.60000  -53.14281  9.35%  1869 5066s
 28632  6582 infeasible   61       -48.60000  -53.13556  9.33%  1869 5088s
 28838  6524 infeasible   60       -48.60000  -53.13250  9.33%  1865 5109s
 29079  6486 infeasible   62       -48.60000  -53.12595  9.31%  1859 5130s
 29326  6394 infeasible   71       -48.60000  -53.11934  9.30%  1852 5151s
 29494  6334 infeasible   67       -48.60000  -53.11041  9.28%  1851 5175s
 29698  6315 infeasible   70       -48.60000  -53.10452  9.27%  1847 5198s
 30051  6190 infeasible   70       -48.60000  -53.09749  9.25%  1835 5223s
 30394  6058  -53.06960   62  257  -48.60000  -53.08792  9.23%  1825 5251s
 30786  5875 infeasible   64       -48.60000  -53.08221  9.22%  1814 5277s
 31146  5773 infeasible   74       -48.60000  -53.07111  9.20%  1805 5304s
 31641  5630  -53.01667   68  144  -48.60000  -53.06006  9.18%  1787 5331s
 32133  5438 infeasible   68       -48.60000  -53.05228  9.16%  1769 5360s
 32734  5190 infeasible   76       -48.60000  -53.04230  9.14%  1748 5390s
 33457  4875  -52.99375   70  154  -48.60000  -53.02794  9.11%  1722 5420s
 34320  4480  -52.97500   69  166  -48.60000  -53.01458  9.08%  1691 5532s
 35065  4050  -53.00000   82   96  -48.60000  -53.00000  9.05%  1664 5579s
*35958  3400              86     -53.0000000  -53.00000  0.00%  1638 5579s

Cutting planes:
  Gomory: 605
  Cover: 600
  Clique: 884
  MIR: 113
  Flow cover: 1112
  GUB cover: 55
  Zero half: 1578
  RLT: 367

Explored 36110 nodes (59039942 simplex iterations) in 5579.97 seconds (7063.98 work units)
Thread count was 12 (of 12 available processors)

Solution count 10: -53 -48.6 -44.2 ... -31.05
No other solutions better than -53

Optimal solution found (tolerance 5.00e-03)
Best objective -5.300000000000e+01, best bound -5.300000000000e+01, gap 0.0000%

Wrote result file '/tmp/fe8446b4c08d4854956b1b9709df7cb5-pulp.sol'

